
+++++++++++++++++++++++++++++++++++++++++++++++++++++++++++++++++++++++++++++++++

 Slave login at:  10/12/2008 14:16:15
 Slave IP: 221.12.59.210
 Slave User-Agent: Mozilla/4.0 (compatible; MSIE 7.0; Windows NT 5.1; .NET CLR 2.0.50727)
 Slave Lang: zh-cn
 XSS got: 
         [**** Request URI: http://www.b.com/2.html ****]    [**** Cookie:  ****]

+++++++++++++++++++++++++++++++++++++++++++++++++++++++++++++++++++++++++++++++++

+++++++++++++++++++++++++++++++++++++++++++++++++++++++++++++++++++++++++++++++++

 Slave login at:  10/12/2008 14:16:27
 Slave IP: 221.12.59.210
 Slave User-Agent: Mozilla/4.0 (compatible; MSIE 7.0; Windows NT 5.1; .NET CLR 2.0.50727)
 Slave Lang: zh-cn
 XSS got: 
         [**** Request URI: http://www.b.com/2.html ****]    [**** Cookie:  ****]

+++++++++++++++++++++++++++++++++++++++++++++++++++++++++++++++++++++++++++++++++

+++++++++++++++++++++++++++++++++++++++++++++++++++++++++++++++++++++++++++++++++

 Slave login at:  10/12/2008 14:16:43
 Slave IP: 221.12.59.210
 Slave User-Agent: Mozilla/4.0 (compatible; MSIE 7.0; Windows NT 5.1; .NET CLR 2.0.50727)
 Slave Lang: zh-cn
 XSS got: 
         [**** Form Sniffer: username=we&password=r& ****]

+++++++++++++++++++++++++++++++++++++++++++++++++++++++++++++++++++++++++++++++++

+++++++++++++++++++++++++++++++++++++++++++++++++++++++++++++++++++++++++++++++++

 Slave login at:  10/12/2008 14:21:20
 Slave IP: 221.12.59.210
 Slave User-Agent: Mozilla/4.0 (compatible; MSIE 7.0; Windows NT 5.1; .NET CLR 2.0.50727)
 Slave Lang: zh-cn
 XSS got: 
         [**** Request URI: http://www.b.com/2.html ****]    [**** Cookie:  ****]

+++++++++++++++++++++++++++++++++++++++++++++++++++++++++++++++++++++++++++++++++

+++++++++++++++++++++++++++++++++++++++++++++++++++++++++++++++++++++++++++++++++

 Slave login at:  10/12/2008 14:23:12
 Slave IP: 221.12.59.210
 Slave User-Agent: Mozilla/4.0 (compatible; MSIE 7.0; Windows NT 5.1; .NET CLR 2.0.50727)
 Slave Lang: zh-cn
 XSS got: 
         [**** Request URI: http://www.b.com/2.html ****]    [**** Cookie:  ****]

+++++++++++++++++++++++++++++++++++++++++++++++++++++++++++++++++++++++++++++++++

+++++++++++++++++++++++++++++++++++++++++++++++++++++++++++++++++++++++++++++++++

 Slave login at:  10/12/2008 14:27:39
 Slave IP: 221.12.59.210
 Slave User-Agent: Mozilla/5.0 (Windows; U; Windows NT 5.1; zh-CN; rv:1.9.0.3) Gecko/2008092417 Firefox/3.0.3
 Slave Lang: zh-cn,zh;q=0.5
 XSS got: 
         [**** Request URI: http://www.b.com/2.html ****]    [**** Cookie:  ****]

+++++++++++++++++++++++++++++++++++++++++++++++++++++++++++++++++++++++++++++++++

+++++++++++++++++++++++++++++++++++++++++++++++++++++++++++++++++++++++++++++++++

 Slave login at:  10/12/2008 14:28:28
 Slave IP: 221.12.59.210
 Slave User-Agent: Mozilla/5.0 (Windows; U; Windows NT 5.1; zh-CN; rv:1.9.0.3) Gecko/2008092417 Firefox/3.0.3
 Slave Lang: zh-cn,zh;q=0.5
 XSS got: 
         [**** Request URI: http://www.b.com/2.html ****]    [**** Cookie:  ****]

+++++++++++++++++++++++++++++++++++++++++++++++++++++++++++++++++++++++++++++++++
